<?xml version="1.0" encoding="UTF-8"?>
<!-- Generated by org.testng.reporters.JUnitReportReporter -->
<testsuite hostname="DESKTOP-0L97EIC" failures="0" tests="2" name="com.maven.Apptest" time="0.048" errors="0" timestamp="2023-10-15T16:45:28 IST" skipped="0">
  <testcase classname="com.maven.Apptest" name="testlogin2" time="0.002"/>
  <system-out/>
  <testcase classname="com.maven.Apptest" name="testlogin1" time="0.046"/>
  <system-out/>
</testsuite> <!-- com.maven.Apptest -->
